#-----------------------------------------------------------
# Vivado v2019.2 (64-bit)
# SW Build 2708876 on Wed Nov  6 21:40:23 MST 2019
# IP Build 2700528 on Thu Nov  7 00:09:20 MST 2019
# Start of session at: Thu Dec 24 18:34:09 2020
# Process ID: 10624
# Current directory: C:/Users/tudor/Tudor/3rdYearCS_I/6_StructureOfComputerSystems/Project/MyCPU_project
# Command line: vivado.exe -gui_launcher_event rodinguilauncherevent13048 C:\Users\tudor\Tudor\3rdYearCS_I\6_StructureOfComputerSystems\Project\MyCPU_project\MyCPU_project.xpr
# Log file: C:/Users/tudor/Tudor/3rdYearCS_I/6_StructureOfComputerSystems/Project/MyCPU_project/vivado.log
# Journal file: C:/Users/tudor/Tudor/3rdYearCS_I/6_StructureOfComputerSystems/Project/MyCPU_project\vivado.jou
#-----------------------------------------------------------
start_gui
open_project C:/Users/tudor/Tudor/3rdYearCS_I/6_StructureOfComputerSystems/Project/MyCPU_project/MyCPU_project.xpr
INFO: [ProjectBase 1-489] The host OS only allows 260 characters in a normal path. The project is stored in a path with more than 80 characters. If you experience issues with IP, Block Designs, or files not being found, please consider moving the project to a location with a shorter path. Alternately consider using the OS subst command to map part of the path to a drive letter.
Current project path is 'C:/Users/tudor/Tudor/3rdYearCS_I/6_StructureOfComputerSystems/Project/MyCPU_project'
Scanning sources...
Finished scanning sources
INFO: [IP_Flow 19-234] Refreshing IP repositories
INFO: [IP_Flow 19-1704] No user IP repositories specified
INFO: [IP_Flow 19-2313] Loaded Vivado IP repository 'C:/Xilinx/Vivado/2019.2/data/ip'.
open_project: Time (s): cpu = 00:00:20 ; elapsed = 00:00:14 . Memory (MB): peak = 807.148 ; gain = 197.238
exit
INFO: [Common 17-206] Exiting Vivado at Fri Dec 25 03:06:30 2020...
