#-----------------------------------------------------------
# Vivado v2019.2 (64-bit)
# SW Build 2708876 on Wed Nov  6 21:40:23 MST 2019
# IP Build 2700528 on Thu Nov  7 00:09:20 MST 2019
# Start of session at: Fri Dec 18 12:11:30 2020
# Process ID: 3464
# Current directory: C:/Users/tudor/Tudor/3rdYearCS_I/6_StructureOfComputerSystems/MyCPU_project
# Command line: vivado.exe -gui_launcher_event rodinguilauncherevent5244 C:\Users\tudor\Tudor\3rdYearCS_I\6_StructureOfComputerSystems\MyCPU_project\MyCPU_project.xpr
# Log file: C:/Users/tudor/Tudor/3rdYearCS_I/6_StructureOfComputerSystems/MyCPU_project/vivado.log
# Journal file: C:/Users/tudor/Tudor/3rdYearCS_I/6_StructureOfComputerSystems/MyCPU_project\vivado.jou
#-----------------------------------------------------------
start_gui
open_project C:/Users/tudor/Tudor/3rdYearCS_I/6_StructureOfComputerSystems/MyCPU_project/MyCPU_project.xpr
Scanning sources...
Finished scanning sources
INFO: [IP_Flow 19-234] Refreshing IP repositories
INFO: [IP_Flow 19-1704] No user IP repositories specified
INFO: [IP_Flow 19-2313] Loaded Vivado IP repository 'C:/Xilinx/Vivado/2019.2/data/ip'.
open_project: Time (s): cpu = 00:00:21 ; elapsed = 00:00:13 . Memory (MB): peak = 847.188 ; gain = 211.797
exit
INFO: [Common 17-206] Exiting Vivado at Fri Dec 18 12:18:19 2020...
